# JRE version: Java(TM) SE Runtime Environment (17.0.9+11) (build 17.0.9+11-LTS-201)
# Java VM: Java HotSpot(TM) 64-Bit Server VM (17.0.9+11-LTS-201, mixed mode, sharing, tiered, compressed oops, compressed class ptrs, g1 gc, windows-amd64)
GC Precious Log:
 CPUs: 8 total, 8 available
 Memory: 7914M
 Large Page Support: Disabled
 NUMA Support: Disabled
 Compressed Oops: Enabled (32-bit)
 Heap Region Size: 1M
 Heap Min Capacity: 8M
 Heap Initial Capacity: 124M
 Heap Max Capacity: 1980M
 Pre-touch: Disabled
 Parallel Workers: 8
 Concurrent Workers: 2
 Concurrent Refinement Workers: 8
 Periodic GC: Disabled
Heap:
 garbage-first heap   total 126976K, used 31073K [0x0000000084400000, 0x0000000100000000)
  region size 1024K, 3 young (3072K), 3 survivors (3072K)
 Metaspace       used 70360K, committed 70848K, reserved 1114112K
  class space    used 9707K, committed 9920K, reserved 1048576K
GC Heap History (20 events):
Event: 2.878 GC heap after
{Heap after GC invocations=6 (full 0):
 garbage-first heap   total 58368K, used 15973K [0x0000000084400000, 0x0000000100000000)
  region size 1024K, 1 young (1024K), 1 survivors (1024K)
 Metaspace       used 25710K, committed 26048K, reserved 1114112K
  class space    used 3344K, committed 3520K, reserved 1048576K
}
Event: 3.774 GC heap before
{Heap before GC invocations=6 (full 0):
 garbage-first heap   total 58368K, used 40549K [0x0000000084400000, 0x0000000100000000)
  region size 1024K, 25 young (25600K), 1 survivors (1024K)
 Metaspace       used 29697K, committed 30080K, reserved 1114112K
  class space    used 3945K, committed 4096K, reserved 1048576K
}
Event: 3.786 GC heap after
{Heap after GC invocations=7 (full 0):
 garbage-first heap   total 90112K, used 17816K [0x0000000084400000, 0x0000000100000000)
  region size 1024K, 3 young (3072K), 3 survivors (3072K)
 Metaspace       used 29697K, committed 30080K, reserved 1114112K
  class space    used 3945K, committed 4096K, reserved 1048576K
}
Event: 4.658 GC heap before
{Heap before GC invocations=7 (full 0):
 garbage-first heap   total 90112K, used 47512K [0x0000000084400000, 0x0000000100000000)
  region size 1024K, 33 young (33792K), 3 survivors (3072K)
 Metaspace       used 35583K, committed 35968K, reserved 1114112K
  class space    used 4702K, committed 4864K, reserved 1048576K
}
Event: 4.663 GC heap after
{Heap after GC invocations=8 (full 0):
 garbage-first heap   total 90112K, used 19605K [0x0000000084400000, 0x0000000100000000)
  region size 1024K, 5 young (5120K), 5 survivors (5120K)
 Metaspace       used 35583K, committed 35968K, reserved 1114112K
  class space    used 4702K, committed 4864K, reserved 1048576K
}
Event: 6.142 GC heap before
{Heap before GC invocations=9 (full 0):
 garbage-first heap   total 71680K, used 57493K [0x0000000084400000, 0x0000000100000000)
  region size 1024K, 42 young (43008K), 5 survivors (5120K)
 Metaspace       used 49023K, committed 49472K, reserved 1114112K
  class space    used 6553K, committed 6784K, reserved 1048576K
}
Event: 6.147 GC heap after
{Heap after GC invocations=10 (full 0):
 garbage-first heap   total 71680K, used 22850K [0x0000000084400000, 0x0000000100000000)
  region size 1024K, 6 young (6144K), 6 survivors (6144K)
 Metaspace       used 49023K, committed 49472K, reserved 1114112K
  class space    used 6553K, committed 6784K, reserved 1048576K
}
Event: 6.163 GC heap before
{Heap before GC invocations=10 (full 0):
 garbage-first heap   total 71680K, used 23874K [0x0000000084400000, 0x0000000100000000)
  region size 1024K, 7 young (7168K), 6 survivors (6144K)
 Metaspace       used 49262K, committed 49728K, reserved 1114112K
  class space    used 6585K, committed 6848K, reserved 1048576K
}
Event: 6.167 GC heap after
{Heap after GC invocations=11 (full 0):
 garbage-first heap   total 71680K, used 23201K [0x0000000084400000, 0x0000000100000000)
  region size 1024K, 1 young (1024K), 1 survivors (1024K)
 Metaspace       used 49262K, committed 49728K, reserved 1114112K
  class space    used 6585K, committed 6848K, reserved 1048576K
}
Event: 6.728 GC heap before
{Heap before GC invocations=11 (full 0):
 garbage-first heap   total 71680K, used 53921K [0x0000000084400000, 0x0000000100000000)
  region size 1024K, 31 young (31744K), 1 survivors (1024K)
 Metaspace       used 57447K, committed 57984K, reserved 1114112K
  class space    used 7802K, committed 8064K, reserved 1048576K
}
Event: 6.731 GC heap after
{Heap after GC invocations=12 (full 0):
 garbage-first heap   total 71680K, used 24202K [0x0000000084400000, 0x0000000100000000)
  region size 1024K, 2 young (2048K), 2 survivors (2048K)
 Metaspace       used 57447K, committed 57984K, reserved 1114112K
  class space    used 7802K, committed 8064K, reserved 1048576K
}
Event: 6.922 GC heap before
{Heap before GC invocations=12 (full 0):
 garbage-first heap   total 71680K, used 34442K [0x0000000084400000, 0x0000000100000000)
  region size 1024K, 13 young (13312K), 2 survivors (2048K)
 Metaspace       used 59959K, committed 60416K, reserved 1114112K
  class space    used 8172K, committed 8384K, reserved 1048576K
}
Event: 6.924 GC heap after
{Heap after GC invocations=13 (full 0):
 garbage-first heap   total 71680K, used 24511K [0x0000000084400000, 0x0000000100000000)
  region size 1024K, 3 young (3072K), 3 survivors (3072K)
 Metaspace       used 59959K, committed 60416K, reserved 1114112K
  class space    used 8172K, committed 8384K, reserved 1048576K
}
Event: 7.557 GC heap before
{Heap before GC invocations=14 (full 0):
 garbage-first heap   total 71680K, used 55231K [0x0000000084400000, 0x0000000100000000)
  region size 1024K, 33 young (33792K), 3 survivors (3072K)
 Metaspace       used 65678K, committed 66240K, reserved 1114112K
  class space    used 9023K, committed 9280K, reserved 1048576K
}
Event: 7.562 GC heap after
{Heap after GC invocations=15 (full 0):
 garbage-first heap   total 71680K, used 26988K [0x0000000084400000, 0x0000000100000000)
  region size 1024K, 5 young (5120K), 5 survivors (5120K)
 Metaspace       used 65678K, committed 66240K, reserved 1114112K
  class space    used 9023K, committed 9280K, reserved 1048576K
}
Event: 8.005 GC heap before
{Heap before GC invocations=16 (full 0):
 garbage-first heap   total 71680K, used 56684K [0x0000000084400000, 0x0000000100000000)
  region size 1024K, 34 young (34816K), 5 survivors (5120K)
 Metaspace       used 68080K, committed 68608K, reserved 1114112K
  class space    used 9356K, committed 9600K, reserved 1048576K
}
Event: 8.010 GC heap after
{Heap after GC invocations=17 (full 0):
 garbage-first heap   total 71680K, used 29300K [0x0000000084400000, 0x0000000100000000)
  region size 1024K, 5 young (5120K), 5 survivors (5120K)
 Metaspace       used 68080K, committed 68608K, reserved 1114112K
  class space    used 9356K, committed 9600K, reserved 1048576K
}
Event: 8.026 GC heap before
{Heap before GC invocations=17 (full 0):
 garbage-first heap   total 71680K, used 30324K [0x0000000084400000, 0x0000000100000000)
  region size 1024K, 6 young (6144K), 5 survivors (5120K)
 Metaspace       used 68177K, committed 68672K, reserved 1114112K
  class space    used 9373K, committed 9600K, reserved 1048576K
}
Event: 8.030 GC heap after
{Heap after GC invocations=18 (full 0):
 garbage-first heap   total 71680K, used 29543K [0x0000000084400000, 0x0000000100000000)
  region size 1024K, 1 young (1024K), 1 survivors (1024K)
 Metaspace       used 68177K, committed 68672K, reserved 1114112K
  class space    used 9373K, committed 9600K, reserved 1048576K
}
Event: 8.531 GC heap before
{Heap before GC invocations=18 (full 0):
 garbage-first heap   total 71680K, used 56167K [0x0000000084400000, 0x0000000100000000)
  region size 1024K, 27 young (27648K), 1 survivors (1024K)
 Metaspace       used 70360K, committed 70848K, reserved 1114112K
  class space    used 9707K, committed 9920K, reserved 1048576K
}

