# JRE version: Java(TM) SE Runtime Environment (17.0.9+11) (build 17.0.9+11-LTS-201)
# Java VM: Java HotSpot(TM) 64-Bit Server VM (17.0.9+11-LTS-201, mixed mode, sharing, tiered, compressed oops, compressed class ptrs, g1 gc, windows-amd64)
GC Precious Log:
 CPUs: 8 total, 8 available
 Memory: 7914M
 Large Page Support: Disabled
 NUMA Support: Disabled
 Compressed Oops: Enabled (32-bit)
 Heap Region Size: 1M
 Heap Min Capacity: 8M
 Heap Initial Capacity: 124M
 Heap Max Capacity: 1980M
 Pre-touch: Disabled
 Parallel Workers: 8
 Concurrent Workers: 2
 Concurrent Refinement Workers: 8
 Periodic GC: Disabled
Heap:
 garbage-first heap   total 65536K, used 49916K [0x0000000084400000, 0x0000000100000000)
  region size 1024K, 27 young (27648K), 1 survivors (1024K)
 Metaspace       used 64165K, committed 64640K, reserved 1114112K
  class space    used 8812K, committed 9024K, reserved 1048576K
GC Heap History (20 events):
Event: 1.097 GC heap before
{Heap before GC invocations=1 (full 0):
 garbage-first heap   total 126976K, used 34549K [0x0000000084400000, 0x0000000100000000)
  region size 1024K, 31 young (31744K), 3 survivors (3072K)
 Metaspace       used 13441K, committed 13696K, reserved 1114112K
  class space    used 1815K, committed 1920K, reserved 1048576K
}
Event: 1.105 GC heap after
{Heap after GC invocations=2 (full 0):
 garbage-first heap   total 126976K, used 8995K [0x0000000084400000, 0x0000000100000000)
  region size 1024K, 2 young (2048K), 2 survivors (2048K)
 Metaspace       used 13441K, committed 13696K, reserved 1114112K
  class space    used 1815K, committed 1920K, reserved 1048576K
}
Event: 1.540 GC heap before
{Heap before GC invocations=2 (full 0):
 garbage-first heap   total 126976K, used 48931K [0x0000000084400000, 0x0000000100000000)
  region size 1024K, 42 young (43008K), 2 survivors (2048K)
 Metaspace       used 21263K, committed 21504K, reserved 1114112K
  class space    used 2720K, committed 2880K, reserved 1048576K
}
Event: 1.549 GC heap after
{Heap after GC invocations=3 (full 0):
 garbage-first heap   total 126976K, used 13091K [0x0000000084400000, 0x0000000100000000)
  region size 1024K, 6 young (6144K), 6 survivors (6144K)
 Metaspace       used 21263K, committed 21504K, reserved 1114112K
  class space    used 2720K, committed 2880K, reserved 1048576K
}
Event: 2.019 GC heap before
{Heap before GC invocations=4 (full 0):
 garbage-first heap   total 48128K, used 35619K [0x0000000084400000, 0x0000000100000000)
  region size 1024K, 28 young (28672K), 6 survivors (6144K)
 Metaspace       used 24752K, committed 25088K, reserved 1114112K
  class space    used 3217K, committed 3392K, reserved 1048576K
}
Event: 2.035 GC heap after
{Heap after GC invocations=5 (full 0):
 garbage-first heap   total 48128K, used 14345K [0x0000000084400000, 0x0000000100000000)
  region size 1024K, 2 young (2048K), 2 survivors (2048K)
 Metaspace       used 24752K, committed 25088K, reserved 1114112K
  class space    used 3217K, committed 3392K, reserved 1048576K
}
Event: 2.058 GC heap before
{Heap before GC invocations=5 (full 0):
 garbage-first heap   total 48128K, used 14345K [0x0000000084400000, 0x0000000100000000)
  region size 1024K, 3 young (3072K), 2 survivors (2048K)
 Metaspace       used 25020K, committed 25408K, reserved 1114112K
  class space    used 3253K, committed 3456K, reserved 1048576K
}
Event: 2.063 GC heap after
{Heap after GC invocations=6 (full 0):
 garbage-first heap   total 48128K, used 14843K [0x0000000084400000, 0x0000000100000000)
  region size 1024K, 1 young (1024K), 1 survivors (1024K)
 Metaspace       used 25020K, committed 25408K, reserved 1114112K
  class space    used 3253K, committed 3456K, reserved 1048576K
}
Event: 2.502 GC heap before
{Heap before GC invocations=6 (full 0):
 garbage-first heap   total 48128K, used 33275K [0x0000000084400000, 0x0000000100000000)
  region size 1024K, 20 young (20480K), 1 survivors (1024K)
 Metaspace       used 28955K, committed 29312K, reserved 1114112K
  class space    used 3818K, committed 3968K, reserved 1048576K
}
Event: 2.511 GC heap after
{Heap after GC invocations=7 (full 0):
 garbage-first heap   total 75776K, used 16599K [0x0000000084400000, 0x0000000100000000)
  region size 1024K, 3 young (3072K), 3 survivors (3072K)
 Metaspace       used 28955K, committed 29312K, reserved 1114112K
  class space    used 3818K, committed 3968K, reserved 1048576K
}
Event: 3.089 GC heap before
{Heap before GC invocations=7 (full 0):
 garbage-first heap   total 75776K, used 45271K [0x0000000084400000, 0x0000000100000000)
  region size 1024K, 32 young (32768K), 3 survivors (3072K)
 Metaspace       used 35708K, committed 36096K, reserved 1114112K
  class space    used 4739K, committed 4928K, reserved 1048576K
}
Event: 3.093 GC heap after
{Heap after GC invocations=8 (full 0):
 garbage-first heap   total 75776K, used 18415K [0x0000000084400000, 0x0000000100000000)
  region size 1024K, 4 young (4096K), 4 survivors (4096K)
 Metaspace       used 35708K, committed 36096K, reserved 1114112K
  class space    used 4739K, committed 4928K, reserved 1048576K
}
Event: 4.113 GC heap before
{Heap before GC invocations=9 (full 0):
 garbage-first heap   total 65536K, used 53231K [0x0000000084400000, 0x0000000100000000)
  region size 1024K, 38 young (38912K), 4 survivors (4096K)
 Metaspace       used 48394K, committed 48896K, reserved 1114112K
  class space    used 6461K, committed 6720K, reserved 1048576K
}
Event: 4.120 GC heap after
{Heap after GC invocations=10 (full 0):
 garbage-first heap   total 65536K, used 21560K [0x0000000084400000, 0x0000000100000000)
  region size 1024K, 5 young (5120K), 5 survivors (5120K)
 Metaspace       used 48394K, committed 48896K, reserved 1114112K
  class space    used 6461K, committed 6720K, reserved 1048576K
}
Event: 4.142 GC heap before
{Heap before GC invocations=10 (full 0):
 garbage-first heap   total 65536K, used 22584K [0x0000000084400000, 0x0000000100000000)
  region size 1024K, 6 young (6144K), 5 survivors (5120K)
 Metaspace       used 48635K, committed 49088K, reserved 1114112K
  class space    used 6492K, committed 6720K, reserved 1048576K
}
Event: 4.146 GC heap after
{Heap after GC invocations=11 (full 0):
 garbage-first heap   total 65536K, used 21530K [0x0000000084400000, 0x0000000100000000)
  region size 1024K, 1 young (1024K), 1 survivors (1024K)
 Metaspace       used 48635K, committed 49088K, reserved 1114112K
  class space    used 6492K, committed 6720K, reserved 1048576K
}
Event: 4.627 GC heap before
{Heap before GC invocations=11 (full 0):
 garbage-first heap   total 65536K, used 47130K [0x0000000084400000, 0x0000000100000000)
  region size 1024K, 27 young (27648K), 1 survivors (1024K)
 Metaspace       used 55959K, committed 56384K, reserved 1114112K
  class space    used 7584K, committed 7808K, reserved 1048576K
}
Event: 4.629 GC heap after
{Heap after GC invocations=12 (full 0):
 garbage-first heap   total 65536K, used 22321K [0x0000000084400000, 0x0000000100000000)
  region size 1024K, 2 young (2048K), 2 survivors (2048K)
 Metaspace       used 55959K, committed 56384K, reserved 1114112K
  class space    used 7584K, committed 7808K, reserved 1048576K
}
Event: 4.967 GC heap before
{Heap before GC invocations=12 (full 0):
 garbage-first heap   total 65536K, used 37681K [0x0000000084400000, 0x0000000100000000)
  region size 1024K, 18 young (18432K), 2 survivors (2048K)
 Metaspace       used 59946K, committed 60416K, reserved 1114112K
  class space    used 8175K, committed 8384K, reserved 1048576K
}
Event: 4.971 GC heap after
{Heap after GC invocations=13 (full 0):
 garbage-first heap   total 65536K, used 23292K [0x0000000084400000, 0x0000000100000000)
  region size 1024K, 3 young (3072K), 3 survivors (3072K)
 Metaspace       used 59946K, committed 60416K, reserved 1114112K
  class space    used 8175K, committed 8384K, reserved 1048576K
}

