# JRE version: Java(TM) SE Runtime Environment (17.0.9+11) (build 17.0.9+11-LTS-201)
# Java VM: Java HotSpot(TM) 64-Bit Server VM (17.0.9+11-LTS-201, mixed mode, sharing, tiered, compressed oops, compressed class ptrs, g1 gc, windows-amd64)
GC Precious Log:
 CPUs: 8 total, 8 available
 Memory: 7914M
 Large Page Support: Disabled
 NUMA Support: Disabled
 Compressed Oops: Enabled (32-bit)
 Heap Region Size: 1M
 Heap Min Capacity: 8M
 Heap Initial Capacity: 124M
 Heap Max Capacity: 1980M
 Pre-touch: Disabled
 Parallel Workers: 8
 Concurrent Workers: 2
 Concurrent Refinement Workers: 8
 Periodic GC: Disabled
Heap:
 garbage-first heap   total 73728K, used 37712K [0x0000000084400000, 0x0000000100000000)
  region size 1024K, 14 young (14336K), 3 survivors (3072K)
 Metaspace       used 49247K, committed 49664K, reserved 1114112K
  class space    used 6373K, committed 6592K, reserved 1048576K
GC Heap History (20 events):
Event: 10.736 GC heap before
{Heap before GC invocations=2 (full 0):
 garbage-first heap   total 126976K, used 62942K [0x0000000084400000, 0x0000000100000000)
  region size 1024K, 54 young (55296K), 3 survivors (3072K)
 Metaspace       used 21319K, committed 21504K, reserved 1114112K
  class space    used 2660K, committed 2752K, reserved 1048576K
}
Event: 10.749 GC heap after
{Heap after GC invocations=3 (full 0):
 garbage-first heap   total 126976K, used 16302K [0x0000000084400000, 0x0000000100000000)
  region size 1024K, 6 young (6144K), 6 survivors (6144K)
 Metaspace       used 21319K, committed 21504K, reserved 1114112K
  class space    used 2660K, committed 2752K, reserved 1048576K
}
Event: 50.462 GC heap before
{Heap before GC invocations=4 (full 0):
 garbage-first heap   total 61440K, used 47022K [0x0000000084400000, 0x0000000100000000)
  region size 1024K, 36 young (36864K), 6 survivors (6144K)
 Metaspace       used 25283K, committed 25600K, reserved 1114112K
  class space    used 3045K, committed 3200K, reserved 1048576K
}
Event: 50.482 GC heap after
{Heap after GC invocations=5 (full 0):
 garbage-first heap   total 61440K, used 19154K [0x0000000084400000, 0x0000000100000000)
  region size 1024K, 3 young (3072K), 3 survivors (3072K)
 Metaspace       used 25283K, committed 25600K, reserved 1114112K
  class space    used 3045K, committed 3200K, reserved 1048576K
}
Event: 51.332 GC heap before
{Heap before GC invocations=5 (full 0):
 garbage-first heap   total 61440K, used 20178K [0x0000000084400000, 0x0000000100000000)
  region size 1024K, 4 young (4096K), 3 survivors (3072K)
 Metaspace       used 25294K, committed 25600K, reserved 1114112K
  class space    used 3045K, committed 3200K, reserved 1048576K
}
Event: 51.341 GC heap after
{Heap after GC invocations=6 (full 0):
 garbage-first heap   total 61440K, used 19959K [0x0000000084400000, 0x0000000100000000)
  region size 1024K, 1 young (1024K), 1 survivors (1024K)
 Metaspace       used 25294K, committed 25600K, reserved 1114112K
  class space    used 3045K, committed 3200K, reserved 1048576K
}
Event: 64.717 GC heap before
{Heap before GC invocations=6 (full 0):
 garbage-first heap   total 61440K, used 42487K [0x0000000084400000, 0x0000000100000000)
  region size 1024K, 23 young (23552K), 1 survivors (1024K)
 Metaspace       used 27857K, committed 28096K, reserved 1114112K
  class space    used 3386K, committed 3520K, reserved 1048576K
}
Event: 64.722 GC heap after
{Heap after GC invocations=7 (full 0):
 garbage-first heap   total 61440K, used 20293K [0x0000000084400000, 0x0000000100000000)
  region size 1024K, 1 young (1024K), 1 survivors (1024K)
 Metaspace       used 27857K, committed 28096K, reserved 1114112K
  class space    used 3386K, committed 3520K, reserved 1048576K
}
Event: 65.210 GC heap before
{Heap before GC invocations=7 (full 0):
 garbage-first heap   total 61440K, used 43845K [0x0000000084400000, 0x0000000100000000)
  region size 1024K, 25 young (25600K), 1 survivors (1024K)
 Metaspace       used 32942K, committed 33280K, reserved 1114112K
  class space    used 4180K, committed 4352K, reserved 1048576K
}
Event: 65.215 GC heap after
{Heap after GC invocations=8 (full 0):
 garbage-first heap   total 61440K, used 21680K [0x0000000084400000, 0x0000000100000000)
  region size 1024K, 3 young (3072K), 3 survivors (3072K)
 Metaspace       used 32942K, committed 33280K, reserved 1114112K
  class space    used 4180K, committed 4352K, reserved 1048576K
}
Event: 65.465 GC heap before
{Heap before GC invocations=8 (full 0):
 garbage-first heap   total 61440K, used 34992K [0x0000000084400000, 0x0000000100000000)
  region size 1024K, 18 young (18432K), 3 survivors (3072K)
 Metaspace       used 35650K, committed 35968K, reserved 1114112K
  class space    used 4486K, committed 4672K, reserved 1048576K
}
Event: 65.469 GC heap after
{Heap after GC invocations=9 (full 0):
 garbage-first heap   total 61440K, used 22565K [0x0000000084400000, 0x0000000100000000)
  region size 1024K, 3 young (3072K), 3 survivors (3072K)
 Metaspace       used 35650K, committed 35968K, reserved 1114112K
  class space    used 4486K, committed 4672K, reserved 1048576K
}
Event: 65.708 GC heap before
{Heap before GC invocations=10 (full 0):
 garbage-first heap   total 61440K, used 45093K [0x0000000084400000, 0x0000000100000000)
  region size 1024K, 26 young (26624K), 3 survivors (3072K)
 Metaspace       used 39361K, committed 39744K, reserved 1114112K
  class space    used 4955K, committed 5120K, reserved 1048576K
}
Event: 65.713 GC heap after
{Heap after GC invocations=11 (full 0):
 garbage-first heap   total 61440K, used 24429K [0x0000000084400000, 0x0000000100000000)
  region size 1024K, 3 young (3072K), 3 survivors (3072K)
 Metaspace       used 39361K, committed 39744K, reserved 1114112K
  class space    used 4955K, committed 5120K, reserved 1048576K
}
Event: 65.734 GC heap before
{Heap before GC invocations=11 (full 0):
 garbage-first heap   total 61440K, used 24429K [0x0000000084400000, 0x0000000100000000)
  region size 1024K, 4 young (4096K), 3 survivors (3072K)
 Metaspace       used 39528K, committed 39936K, reserved 1114112K
  class space    used 4977K, committed 5184K, reserved 1048576K
}
Event: 65.737 GC heap after
{Heap after GC invocations=12 (full 0):
 garbage-first heap   total 73728K, used 24076K [0x0000000084400000, 0x0000000100000000)
  region size 1024K, 1 young (1024K), 1 survivors (1024K)
 Metaspace       used 39528K, committed 39936K, reserved 1114112K
  class space    used 4977K, committed 5184K, reserved 1048576K
}
Event: 66.510 GC heap before
{Heap before GC invocations=12 (full 0):
 garbage-first heap   total 73728K, used 54796K [0x0000000084400000, 0x0000000100000000)
  region size 1024K, 31 young (31744K), 1 survivors (1024K)
 Metaspace       used 42972K, committed 43328K, reserved 1114112K
  class space    used 5446K, committed 5632K, reserved 1048576K
}
Event: 66.515 GC heap after
{Heap after GC invocations=13 (full 0):
 garbage-first heap   total 73728K, used 26022K [0x0000000084400000, 0x0000000100000000)
  region size 1024K, 3 young (3072K), 3 survivors (3072K)
 Metaspace       used 42972K, committed 43328K, reserved 1114112K
  class space    used 5446K, committed 5632K, reserved 1048576K
}
Event: 67.425 GC heap before
{Heap before GC invocations=13 (full 0):
 garbage-first heap   total 73728K, used 55718K [0x0000000084400000, 0x0000000100000000)
  region size 1024K, 32 young (32768K), 3 survivors (3072K)
 Metaspace       used 46658K, committed 47040K, reserved 1114112K
  class space    used 6027K, committed 6208K, reserved 1048576K
}
Event: 67.440 GC heap after
{Heap after GC invocations=14 (full 0):
 garbage-first heap   total 73728K, used 28496K [0x0000000084400000, 0x0000000100000000)
  region size 1024K, 3 young (3072K), 3 survivors (3072K)
 Metaspace       used 46658K, committed 47040K, reserved 1114112K
  class space    used 6027K, committed 6208K, reserved 1048576K
}

